<?xml version="1.0" encoding="UTF-8"?>
<!-- Generated by org.testng.reporters.JUnitXMLReporter -->
<testsuite hostname="chetanth-w10lt" ignored="0" name="Default test" tests="4" failures="0" timestamp="30 May 2019 09:16:29 GMT" time="32.711" errors="0">
  <testcase name="RegpageTest" time="1.524" classname="com.datadriven.test.FillFormTest"/>
  <testcase name="RegpageTest" time="1.921" classname="com.datadriven.test.FillFormTest"/>
  <testcase name="RegpageTest" time="1.43" classname="com.datadriven.test.FillFormTest"/>
  <testcase name="RegpageTest" time="1.521" classname="com.datadriven.test.FillFormTest"/>
</testsuite> <!-- Default test -->
